Binary file manual/MCScanX_manual.pdf matches
Binary file manual/MCScanX_structure.gif matches
data/AAAP_family.tree
data/at.blast
data/at.cds
data/at.gff
data/at_gm_pt_vv.gff
data/at_gm_pt_vv.homology
data/at_MCL_families.txt
data/at_vv.blast
data/at_vv.gff
data/MADS_box_family.txt
data/MADS_box.txt
data/os_sb.blast
data/os_sb.gff
downstream_analyses/add_ka_and_ks_to_collinearity.pl
downstream_analyses/add_kaks_to_synteny.pl
downstream_analyses/bar.ctl
downstream_analyses/bar_plotter.java
downstream_analyses/branch.java
downstream_analyses/circle.ctl
downstream_analyses/circle_plotter.java
downstream_analyses/Cubic.java
downstream_analyses/detect_collinearity_within_gene_families.pl
downstream_analyses/detect_synteny_within_gene_families.pl
downstream_analyses/dot.ctl
downstream_analyses/dot_plotter.java
downstream_analyses/dual_synteny.ctl
downstream_analyses/dual_synteny_plotter.java
downstream_analyses/family_circle_plotter.java
downstream_analyses/family.ctl
downstream_analyses/family_tree_plotter_chr.java
downstream_analyses/family_tree_plotter.java
downstream_analyses/family_tree_plotter_show_length.java
downstream_analyses/group_collinear_genes.pl
downstream_analyses/group_syntenic_genes.pl
downstream_analyses/makefile
downstream_analyses/node.java
downstream_analyses/origin_enrichment_analysis.pl
downstream_analyses/rt.java
